Using pre-set license
Built from '2020.3/staging' branch; Version is '2020.3.8f1 (507919d4fff5) revision 5273881'; Using compiler version '192528614'; Build Type 'Release'
OS: 'Windows 10 Pro; OS build 19042.1288; Version 2009; 64bit' Language: 'en' Physical Memory: 16301 MB
BatchMode: 1, IsHumanControllingUs: 0, StartBugReporterOnCrash: 0, Is64bit: 1, IsPro: 0

 COMMAND LINE ARGUMENTS:
C:\Program Files\Unity\Hub\Editor\2020.3.8f1\Editor\Unity.exe
-adb2
-batchMode
-noUpm
-name
AssetImportWorker0
-projectPath
D:/andy/GIT/Kloudius_HDRP_Demo
-logFile
Logs/AssetImportWorker0.log
-srvPort
57433
Successfully changed project path to: D:/andy/GIT/Kloudius_HDRP_Demo
D:/andy/GIT/Kloudius_HDRP_Demo
Using Asset Import Pipeline V2.
Refreshing native plugins compatible for Editor in 917.62 ms, found 0 plugins.
Preloading 0 native plugins for Editor in 0.00 ms.
Initialize engine version: 2020.3.8f1 (507919d4fff5)
[Subsystems] Discovering subsystems at path C:/Program Files/Unity/Hub/Editor/2020.3.8f1/Editor/Data/Resources/UnitySubsystems
[Subsystems] Discovering subsystems at path D:/andy/GIT/Kloudius_HDRP_Demo/Assets
GfxDevice: creating device client; threaded=0
Direct3D:
    Version:  Direct3D 11.0 [level 11.1]
    Renderer: NVIDIA GeForce GTX 1060 6GB (ID=0x1c03)
    Vendor:   
    VRAM:     6052 MB
    Driver:   25.21.14.1681
Initialize mono
Mono path[0] = 'C:/Program Files/Unity/Hub/Editor/2020.3.8f1/Editor/Data/Managed'
Mono path[1] = 'C:/Program Files/Unity/Hub/Editor/2020.3.8f1/Editor/Data/MonoBleedingEdge/lib/mono/unityjit'
Mono config path = 'C:/Program Files/Unity/Hub/Editor/2020.3.8f1/Editor/Data/MonoBleedingEdge/etc'
Using monoOptions --debugger-agent=transport=dt_socket,embedding=1,server=y,suspend=n,address=127.0.0.1:56112
Begin MonoManager ReloadAssembly
Registering precompiled unity dll's ...
Register platform support module: C:/Program Files/Unity/Hub/Editor/2020.3.8f1/Editor/Data/PlaybackEngines/WindowsStandaloneSupport/UnityEditor.WindowsStandalone.Extensions.dll
Registered in 0.004618 seconds.
Native extension for WindowsStandalone target not found
Refreshing native plugins compatible for Editor in 220.00 ms, found 0 plugins.
Preloading 0 native plugins for Editor in 0.00 ms.
Mono: successfully reloaded assembly
- Completed reload, in  6.989 seconds
Platform modules already initialized, skipping
Registering precompiled user dll's ...
Registered in 0.006032 seconds.
Begin MonoManager ReloadAssembly
Native extension for WindowsStandalone target not found
Refreshing native plugins compatible for Editor in 227.87 ms, found 0 plugins.
Preloading 0 native plugins for Editor in 0.00 ms.
Mono: successfully reloaded assembly
- Completed reload, in  3.534 seconds
Platform modules already initialized, skipping
========================================================================
Worker process is ready to serve import requests
Launched and connected shader compiler UnityShaderCompiler.exe after 0.16 seconds
Refreshing native plugins compatible for Editor in 4.44 ms, found 0 plugins.
Preloading 0 native plugins for Editor in 0.00 ms.
Unloading 3791 Unused Serialized files (Serialized files now loaded: 0)
System memory in use before: 181.4 MB.
System memory in use after: 181.7 MB.

Unloading 13 unused Assets to reduce memory usage. Loaded Objects now: 4251.
Total: 17.754500 ms (FindLiveObjects: 1.672000 ms CreateObjectMapping: 1.198900 ms MarkObjects: 14.668700 ms  DeleteObjects: 0.210200 ms)

========================================================================
Received Import Request.
  path: Assets/SampleSceneAssets/TutorialInfo/Readme.asset
  artifactKey: Guid(83c2ed844a8c74b779a4c823d16594b1) Importer(815301076,1909f56bfc062723c751e8b465ee728b)
Start importing Assets/SampleSceneAssets/TutorialInfo/Readme.asset using Guid(83c2ed844a8c74b779a4c823d16594b1) Importer(815301076,1909f56bfc062723c751e8b465ee728b)  -> (artifact id: '17459b2593d337ebab0d120e775ef02f') in 0.135516 seconds
  Import took 0.162313 seconds .

========================================================================
Received Import Request.
  Time since last request: 60.525935 seconds.
  path: Assets/Scenes
  artifactKey: Guid(b9ce61e6765c3b04aaef20eb07ae13b1) Importer(815301076,1909f56bfc062723c751e8b465ee728b)
Start importing Assets/Scenes using Guid(b9ce61e6765c3b04aaef20eb07ae13b1) Importer(815301076,1909f56bfc062723c751e8b465ee728b)  -> (artifact id: 'e17a249062e4da7a9772492039dbdf86') in 0.013799 seconds
  Import took 0.031734 seconds .

========================================================================
Received Import Request.
  Time since last request: 0.019035 seconds.
  path: Assets/Scenes
  artifactKey: Guid(b9ce61e6765c3b04aaef20eb07ae13b1) Importer(815301076,1909f56bfc062723c751e8b465ee728b)
Start importing Assets/Scenes using Guid(b9ce61e6765c3b04aaef20eb07ae13b1) Importer(815301076,1909f56bfc062723c751e8b465ee728b)  -> (artifact id: 'e17a249062e4da7a9772492039dbdf86') in 0.009835 seconds
  Import took 0.036257 seconds .

========================================================================
Received Import Request.
  Time since last request: 2.618759 seconds.
  path: Assets/Scenes/SampleScene.unity
  artifactKey: Guid(3db1837cc97a95e4c98610966fac2b0b) Importer(815301076,1909f56bfc062723c751e8b465ee728b)
Start importing Assets/Scenes/SampleScene.unity using Guid(3db1837cc97a95e4c98610966fac2b0b) Importer(815301076,1909f56bfc062723c751e8b465ee728b)  -> (artifact id: '4a02685e8db2fb97a7d45dfa619daa31') in 0.024171 seconds
  Import took 0.045975 seconds .

========================================================================
Received Import Request.
  Time since last request: 0.002349 seconds.
  path: Assets/Scenes/SampleScene.unity
  artifactKey: Guid(3db1837cc97a95e4c98610966fac2b0b) Importer(815301076,1909f56bfc062723c751e8b465ee728b)
Start importing Assets/Scenes/SampleScene.unity using Guid(3db1837cc97a95e4c98610966fac2b0b) Importer(815301076,1909f56bfc062723c751e8b465ee728b)  -> (artifact id: '4a02685e8db2fb97a7d45dfa619daa31') in 0.005888 seconds
  Import took 0.029073 seconds .

